<?xml version="1.0" encoding="UTF-8"?>
<!-- Generated by org.testng.reporters.JUnitReportReporter -->
<testsuite hostname="QPaaSICND0103" failures="0" tests="1" name="teamcity_test.test" time="1.205" errors="0" timestamp="2023-09-14T02:33:46 GMT-07:00" skipped="0">
  <testcase classname="teamcity_test.test" name="login_page" time="1.205"/>
</testsuite> <!-- teamcity_test.test -->
